/home/linfu/tof_ws/src/install/tof_ground_seg/lib/python3.12/site-packages/tof_ground_seg/grid_ground_node.py
/home/linfu/tof_ws/src/install/tof_ground_seg/lib/python3.12/site-packages/tof_ground_seg/plot_timing_txt.py
/home/linfu/tof_ws/src/install/tof_ground_seg/lib/python3.12/site-packages/tof_ground_seg/__init__.py
/home/linfu/tof_ws/src/install/tof_ground_seg/lib/python3.12/site-packages/tof_ground_seg/timing_histogram_from_logs.py
/home/linfu/tof_ws/src/install/tof_ground_seg/lib/python3.12/site-packages/tof_ground_seg/__pycache__/grid_ground_node.cpython-312.pyc
/home/linfu/tof_ws/src/install/tof_ground_seg/lib/python3.12/site-packages/tof_ground_seg/__pycache__/plot_timing_txt.cpython-312.pyc
/home/linfu/tof_ws/src/install/tof_ground_seg/lib/python3.12/site-packages/tof_ground_seg/__pycache__/__init__.cpython-312.pyc
/home/linfu/tof_ws/src/install/tof_ground_seg/lib/python3.12/site-packages/tof_ground_seg/__pycache__/timing_histogram_from_logs.cpython-312.pyc
/home/linfu/tof_ws/src/install/tof_ground_seg/share/ament_index/resource_index/packages/tof_ground_seg
/home/linfu/tof_ws/src/install/tof_ground_seg/share/tof_ground_seg/package.xml
/home/linfu/tof_ws/src/install/tof_ground_seg/lib/python3.12/site-packages/tof_ground_seg-0.0.1-py3.12.egg-info/PKG-INFO
/home/linfu/tof_ws/src/install/tof_ground_seg/lib/python3.12/site-packages/tof_ground_seg-0.0.1-py3.12.egg-info/dependency_links.txt
/home/linfu/tof_ws/src/install/tof_ground_seg/lib/python3.12/site-packages/tof_ground_seg-0.0.1-py3.12.egg-info/requires.txt
/home/linfu/tof_ws/src/install/tof_ground_seg/lib/python3.12/site-packages/tof_ground_seg-0.0.1-py3.12.egg-info/top_level.txt
/home/linfu/tof_ws/src/install/tof_ground_seg/lib/python3.12/site-packages/tof_ground_seg-0.0.1-py3.12.egg-info/entry_points.txt
/home/linfu/tof_ws/src/install/tof_ground_seg/lib/python3.12/site-packages/tof_ground_seg-0.0.1-py3.12.egg-info/zip-safe
/home/linfu/tof_ws/src/install/tof_ground_seg/lib/python3.12/site-packages/tof_ground_seg-0.0.1-py3.12.egg-info/SOURCES.txt
/home/linfu/tof_ws/src/install/tof_ground_seg/lib/tof_ground_seg/grid_ground
/home/linfu/tof_ws/src/install/tof_ground_seg/lib/tof_ground_seg/timing_hist
/home/linfu/tof_ws/src/install/tof_ground_seg/lib/tof_ground_seg/timing_hist_txt
