running egg_info
writing ../build/tof_ground_seg/tof_ground_seg.egg-info/PKG-INFO
writing dependency_links to ../build/tof_ground_seg/tof_ground_seg.egg-info/dependency_links.txt
writing entry points to ../build/tof_ground_seg/tof_ground_seg.egg-info/entry_points.txt
writing requirements to ../build/tof_ground_seg/tof_ground_seg.egg-info/requires.txt
writing top-level names to ../build/tof_ground_seg/tof_ground_seg.egg-info/top_level.txt
reading manifest file '../build/tof_ground_seg/tof_ground_seg.egg-info/SOURCES.txt'
writing manifest file '../build/tof_ground_seg/tof_ground_seg.egg-info/SOURCES.txt'
running build
running build_py
running install
running install_lib
running install_data
running install_egg_info
removing '/home/linfu/tof_ws/src/install/tof_ground_seg/lib/python3.12/site-packages/tof_ground_seg-0.0.1-py3.12.egg-info' (and everything under it)
Copying ../build/tof_ground_seg/tof_ground_seg.egg-info to /home/linfu/tof_ws/src/install/tof_ground_seg/lib/python3.12/site-packages/tof_ground_seg-0.0.1-py3.12.egg-info
running install_scripts
Installing grid_ground script to /home/linfu/tof_ws/src/install/tof_ground_seg/lib/tof_ground_seg
Installing timing_hist script to /home/linfu/tof_ws/src/install/tof_ground_seg/lib/tof_ground_seg
Installing timing_hist_txt script to /home/linfu/tof_ws/src/install/tof_ground_seg/lib/tof_ground_seg
writing list of installed files to '/home/linfu/tof_ws/src/build/tof_ground_seg/install.log'
