running develop
Removing /home/linfu/tof_ws/install/tof_ground_seg/lib/python3.12/site-packages/tof-ground-seg.egg-link (link to .)
running egg_info
writing ../../build/tof_ground_seg/tof_ground_seg.egg-info/PKG-INFO
writing dependency_links to ../../build/tof_ground_seg/tof_ground_seg.egg-info/dependency_links.txt
writing entry points to ../../build/tof_ground_seg/tof_ground_seg.egg-info/entry_points.txt
writing requirements to ../../build/tof_ground_seg/tof_ground_seg.egg-info/requires.txt
writing top-level names to ../../build/tof_ground_seg/tof_ground_seg.egg-info/top_level.txt
reading manifest file '../../build/tof_ground_seg/tof_ground_seg.egg-info/SOURCES.txt'
writing manifest file '../../build/tof_ground_seg/tof_ground_seg.egg-info/SOURCES.txt'
running build
running build_py
creating /home/linfu/tof_ws/build/tof_ground_seg/build
creating /home/linfu/tof_ws/build/tof_ground_seg/build/lib
creating /home/linfu/tof_ws/build/tof_ground_seg/build/lib/tof_ground_seg
copying tof_ground_seg/grid_ground_node.py -> /home/linfu/tof_ws/build/tof_ground_seg/build/lib/tof_ground_seg
copying tof_ground_seg/__init__.py -> /home/linfu/tof_ws/build/tof_ground_seg/build/lib/tof_ground_seg
copying tof_ground_seg/timing_histogram_from_logs.py -> /home/linfu/tof_ws/build/tof_ground_seg/build/lib/tof_ground_seg
running install
running install_lib
creating /home/linfu/tof_ws/install/tof_ground_seg/lib/python3.12/site-packages/tof_ground_seg
copying /home/linfu/tof_ws/build/tof_ground_seg/build/lib/tof_ground_seg/grid_ground_node.py -> /home/linfu/tof_ws/install/tof_ground_seg/lib/python3.12/site-packages/tof_ground_seg
copying /home/linfu/tof_ws/build/tof_ground_seg/build/lib/tof_ground_seg/__init__.py -> /home/linfu/tof_ws/install/tof_ground_seg/lib/python3.12/site-packages/tof_ground_seg
copying /home/linfu/tof_ws/build/tof_ground_seg/build/lib/tof_ground_seg/timing_histogram_from_logs.py -> /home/linfu/tof_ws/install/tof_ground_seg/lib/python3.12/site-packages/tof_ground_seg
byte-compiling /home/linfu/tof_ws/install/tof_ground_seg/lib/python3.12/site-packages/tof_ground_seg/grid_ground_node.py to grid_ground_node.cpython-312.pyc
byte-compiling /home/linfu/tof_ws/install/tof_ground_seg/lib/python3.12/site-packages/tof_ground_seg/__init__.py to __init__.cpython-312.pyc
byte-compiling /home/linfu/tof_ws/install/tof_ground_seg/lib/python3.12/site-packages/tof_ground_seg/timing_histogram_from_logs.py to timing_histogram_from_logs.cpython-312.pyc
running install_data
copying resource/tof_ground_seg -> /home/linfu/tof_ws/install/tof_ground_seg/share/ament_index/resource_index/packages
copying package.xml -> /home/linfu/tof_ws/install/tof_ground_seg/share/tof_ground_seg
running install_egg_info
Copying ../../build/tof_ground_seg/tof_ground_seg.egg-info to /home/linfu/tof_ws/install/tof_ground_seg/lib/python3.12/site-packages/tof_ground_seg-0.0.1-py3.12.egg-info
running install_scripts
Installing grid_ground script to /home/linfu/tof_ws/install/tof_ground_seg/lib/tof_ground_seg
Installing timing_hist script to /home/linfu/tof_ws/install/tof_ground_seg/lib/tof_ground_seg
writing list of installed files to '/home/linfu/tof_ws/build/tof_ground_seg/install.log'
