[0.379s] Invoking command in '/home/linfu/tof_ws/src/tof_ground_seg': DEBUGINFOD_URLS=https://debuginfod.ubuntu.com PYTHONPATH=/home/linfu/tof_ws/build/tof_ground_seg/prefix_override:/usr/lib/python3/dist-packages/colcon_core/task/python/colcon_distutils_commands:/home/linfu/tof_ws/install/tof_ground_seg/lib/python3.12/site-packages:${PYTHONPATH} /usr/bin/python3 -W ignore:setup.py install is deprecated -W ignore:easy_install command is deprecated setup.py egg_info --egg-base ../../build/tof_ground_seg build --build-base /home/linfu/tof_ws/build/tof_ground_seg/build install --record /home/linfu/tof_ws/build/tof_ground_seg/install.log --single-version-externally-managed install_data
[0.500s] running egg_info
[0.507s] writing ../../build/tof_ground_seg/tof_ground_seg.egg-info/PKG-INFO
[0.507s] writing dependency_links to ../../build/tof_ground_seg/tof_ground_seg.egg-info/dependency_links.txt
[0.507s] writing entry points to ../../build/tof_ground_seg/tof_ground_seg.egg-info/entry_points.txt
[0.507s] writing requirements to ../../build/tof_ground_seg/tof_ground_seg.egg-info/requires.txt
[0.507s] writing top-level names to ../../build/tof_ground_seg/tof_ground_seg.egg-info/top_level.txt
[0.522s] reading manifest file '../../build/tof_ground_seg/tof_ground_seg.egg-info/SOURCES.txt'
[0.522s] writing manifest file '../../build/tof_ground_seg/tof_ground_seg.egg-info/SOURCES.txt'
[0.522s] running build
[0.522s] running build_py
[0.522s] copying tof_ground_seg/grid_ground_node.py -> /home/linfu/tof_ws/build/tof_ground_seg/build/lib/tof_ground_seg
[0.522s] copying tof_ground_seg/plot_timing_txt.py -> /home/linfu/tof_ws/build/tof_ground_seg/build/lib/tof_ground_seg
[0.523s] running install
[0.526s] running install_lib
[0.534s] copying /home/linfu/tof_ws/build/tof_ground_seg/build/lib/tof_ground_seg/grid_ground_node.py -> /home/linfu/tof_ws/install/tof_ground_seg/lib/python3.12/site-packages/tof_ground_seg
[0.534s] copying /home/linfu/tof_ws/build/tof_ground_seg/build/lib/tof_ground_seg/plot_timing_txt.py -> /home/linfu/tof_ws/install/tof_ground_seg/lib/python3.12/site-packages/tof_ground_seg
[0.534s] byte-compiling /home/linfu/tof_ws/install/tof_ground_seg/lib/python3.12/site-packages/tof_ground_seg/grid_ground_node.py to grid_ground_node.cpython-312.pyc
[0.538s] byte-compiling /home/linfu/tof_ws/install/tof_ground_seg/lib/python3.12/site-packages/tof_ground_seg/plot_timing_txt.py to plot_timing_txt.cpython-312.pyc
[0.538s] running install_data
[0.538s] running install_egg_info
[0.546s] removing '/home/linfu/tof_ws/install/tof_ground_seg/lib/python3.12/site-packages/tof_ground_seg-0.0.1-py3.12.egg-info' (and everything under it)
[0.546s] Copying ../../build/tof_ground_seg/tof_ground_seg.egg-info to /home/linfu/tof_ws/install/tof_ground_seg/lib/python3.12/site-packages/tof_ground_seg-0.0.1-py3.12.egg-info
[0.547s] running install_scripts
[0.601s] Installing grid_ground script to /home/linfu/tof_ws/install/tof_ground_seg/lib/tof_ground_seg
[0.601s] Installing timing_hist script to /home/linfu/tof_ws/install/tof_ground_seg/lib/tof_ground_seg
[0.601s] Installing timing_hist_txt script to /home/linfu/tof_ws/install/tof_ground_seg/lib/tof_ground_seg
[0.601s] writing list of installed files to '/home/linfu/tof_ws/build/tof_ground_seg/install.log'
[0.616s] Invoked command in '/home/linfu/tof_ws/src/tof_ground_seg' returned '0': DEBUGINFOD_URLS=https://debuginfod.ubuntu.com PYTHONPATH=/home/linfu/tof_ws/build/tof_ground_seg/prefix_override:/usr/lib/python3/dist-packages/colcon_core/task/python/colcon_distutils_commands:/home/linfu/tof_ws/install/tof_ground_seg/lib/python3.12/site-packages:${PYTHONPATH} /usr/bin/python3 -W ignore:setup.py install is deprecated -W ignore:easy_install command is deprecated setup.py egg_info --egg-base ../../build/tof_ground_seg build --build-base /home/linfu/tof_ws/build/tof_ground_seg/build install --record /home/linfu/tof_ws/build/tof_ground_seg/install.log --single-version-externally-managed install_data
